#! /usr/bin/vvp
:ivl_version "11.0 (stable)";
:ivl_delay_selection "TYPICAL";
:vpi_time_precision - 12;
:vpi_module "/usr/lib/x86_64-linux-gnu/ivl/system.vpi";
:vpi_module "/usr/lib/x86_64-linux-gnu/ivl/vhdl_sys.vpi";
:vpi_module "/usr/lib/x86_64-linux-gnu/ivl/vhdl_textio.vpi";
:vpi_module "/usr/lib/x86_64-linux-gnu/ivl/v2005_math.vpi";
:vpi_module "/usr/lib/x86_64-linux-gnu/ivl/va_math.vpi";
S_0x56287c3d3940 .scope module, "tb_Counter1000" "tb_Counter1000" 2 4;
 .timescale -9 -12;
v0x56287c3efbc0_0 .net "OneHertz", 0 0, L_0x56287c3f0d80;  1 drivers
v0x56287c3efc80_0 .net "c_enable", 2 0, L_0x56287c3f0680;  1 drivers
v0x56287c3efd50_0 .var "clk", 0 0;
v0x56287c3efe20_0 .var "reset", 0 0;
S_0x56287c3d3ad0 .scope module, "DUT" "Counter1000" 2 28, 3 1 0, S_0x56287c3d3940;
 .timescale -9 -12;
    .port_info 0 /INPUT 1 "clk";
    .port_info 1 /INPUT 1 "reset";
    .port_info 2 /OUTPUT 1 "OneHertz";
    .port_info 3 /OUTPUT 3 "c_enable";
L_0x56287c3f0440 .functor AND 1, L_0x56287c3f0250, L_0x56287c3f0350, C4<1>, C4<1>;
L_0x56287c3f0ae0 .functor AND 1, L_0x56287c3f0860, L_0x56287c3f09f0, C4<1>, C4<1>;
L_0x56287c3f0d80 .functor AND 1, L_0x56287c3f0ae0, L_0x56287c3f0bf0, C4<1>, C4<1>;
v0x56287c3ee980_0 .net "OneHertz", 0 0, L_0x56287c3f0d80;  alias, 1 drivers
L_0x7f8ab4637060 .functor BUFT 1, C4<1001>, C4<0>, C4<0>, C4<0>;
v0x56287c3eea60_0 .net/2u *"_ivl_10", 3 0, L_0x7f8ab4637060;  1 drivers
v0x56287c3eeb40_0 .net *"_ivl_12", 0 0, L_0x56287c3f0350;  1 drivers
v0x56287c3eebe0_0 .net *"_ivl_15", 0 0, L_0x56287c3f0440;  1 drivers
L_0x7f8ab46370a8 .functor BUFT 1, C4<1001>, C4<0>, C4<0>, C4<0>;
v0x56287c3eeca0_0 .net/2u *"_ivl_16", 3 0, L_0x7f8ab46370a8;  1 drivers
v0x56287c3eedd0_0 .net *"_ivl_18", 0 0, L_0x56287c3f0550;  1 drivers
L_0x7f8ab46370f0 .functor BUFT 1, C4<1>, C4<0>, C4<0>, C4<0>;
v0x56287c3eee90_0 .net/2u *"_ivl_20", 0 0, L_0x7f8ab46370f0;  1 drivers
L_0x7f8ab4637138 .functor BUFT 1, C4<1001>, C4<0>, C4<0>, C4<0>;
v0x56287c3eef70_0 .net/2u *"_ivl_24", 3 0, L_0x7f8ab4637138;  1 drivers
v0x56287c3ef050_0 .net *"_ivl_26", 0 0, L_0x56287c3f0860;  1 drivers
L_0x7f8ab4637180 .functor BUFT 1, C4<1001>, C4<0>, C4<0>, C4<0>;
v0x56287c3ef110_0 .net/2u *"_ivl_28", 3 0, L_0x7f8ab4637180;  1 drivers
v0x56287c3ef1f0_0 .net *"_ivl_30", 0 0, L_0x56287c3f09f0;  1 drivers
v0x56287c3ef2b0_0 .net *"_ivl_33", 0 0, L_0x56287c3f0ae0;  1 drivers
L_0x7f8ab46371c8 .functor BUFT 1, C4<1001>, C4<0>, C4<0>, C4<0>;
v0x56287c3ef370_0 .net/2u *"_ivl_34", 3 0, L_0x7f8ab46371c8;  1 drivers
v0x56287c3ef450_0 .net *"_ivl_36", 0 0, L_0x56287c3f0bf0;  1 drivers
L_0x7f8ab4637018 .functor BUFT 1, C4<1001>, C4<0>, C4<0>, C4<0>;
v0x56287c3ef510_0 .net/2u *"_ivl_6", 3 0, L_0x7f8ab4637018;  1 drivers
v0x56287c3ef5f0_0 .net *"_ivl_8", 0 0, L_0x56287c3f0250;  1 drivers
v0x56287c3ef6b0_0 .net "c_enable", 2 0, L_0x56287c3f0680;  alias, 1 drivers
v0x56287c3ef790_0 .net "clk", 0 0, v0x56287c3efd50_0;  1 drivers
v0x56287c3ef830_0 .net "q0", 3 0, v0x56287c3c0270_0;  1 drivers
v0x56287c3ef8f0_0 .net "q1", 3 0, v0x56287c3edf90_0;  1 drivers
v0x56287c3ef9c0_0 .net "q2", 3 0, v0x56287c3ee5a0_0;  1 drivers
v0x56287c3efa90_0 .net "reset", 0 0, v0x56287c3efe20_0;  1 drivers
L_0x56287c3eff50 .part L_0x56287c3f0680, 0, 1;
L_0x56287c3f0020 .part L_0x56287c3f0680, 1, 1;
L_0x56287c3f00c0 .part L_0x56287c3f0680, 2, 1;
L_0x56287c3f0250 .cmp/eq 4, v0x56287c3edf90_0, L_0x7f8ab4637018;
L_0x56287c3f0350 .cmp/eq 4, v0x56287c3c0270_0, L_0x7f8ab4637060;
L_0x56287c3f0550 .cmp/eq 4, v0x56287c3c0270_0, L_0x7f8ab46370a8;
L_0x56287c3f0680 .concat [ 1 1 1 0], L_0x7f8ab46370f0, L_0x56287c3f0550, L_0x56287c3f0440;
L_0x56287c3f0860 .cmp/eq 4, v0x56287c3ee5a0_0, L_0x7f8ab4637138;
L_0x56287c3f09f0 .cmp/eq 4, v0x56287c3edf90_0, L_0x7f8ab4637180;
L_0x56287c3f0bf0 .cmp/eq 4, v0x56287c3c0270_0, L_0x7f8ab46371c8;
S_0x56287c3d0700 .scope module, "count0" "bcdcount" 3 10, 4 14 0, S_0x56287c3d3ad0;
 .timescale -9 -12;
    .port_info 0 /INPUT 1 "clk";
    .port_info 1 /INPUT 1 "reset";
    .port_info 2 /INPUT 1 "enable";
    .port_info 3 /OUTPUT 4 "Q";
v0x56287c3c0270_0 .var "Q", 3 0;
v0x56287c3bf350_0 .net "clk", 0 0, v0x56287c3efd50_0;  alias, 1 drivers
v0x56287c3edb40_0 .net "enable", 0 0, L_0x56287c3eff50;  1 drivers
v0x56287c3edbe0_0 .net "reset", 0 0, v0x56287c3efe20_0;  alias, 1 drivers
E_0x56287c3d1b80 .event posedge, v0x56287c3bf350_0;
S_0x56287c3edd20 .scope module, "count1" "bcdcount" 3 11, 4 14 0, S_0x56287c3d3ad0;
 .timescale -9 -12;
    .port_info 0 /INPUT 1 "clk";
    .port_info 1 /INPUT 1 "reset";
    .port_info 2 /INPUT 1 "enable";
    .port_info 3 /OUTPUT 4 "Q";
v0x56287c3edf90_0 .var "Q", 3 0;
v0x56287c3ee070_0 .net "clk", 0 0, v0x56287c3efd50_0;  alias, 1 drivers
v0x56287c3ee130_0 .net "enable", 0 0, L_0x56287c3f0020;  1 drivers
v0x56287c3ee200_0 .net "reset", 0 0, v0x56287c3efe20_0;  alias, 1 drivers
S_0x56287c3ee320 .scope module, "count2" "bcdcount" 3 12, 4 14 0, S_0x56287c3d3ad0;
 .timescale -9 -12;
    .port_info 0 /INPUT 1 "clk";
    .port_info 1 /INPUT 1 "reset";
    .port_info 2 /INPUT 1 "enable";
    .port_info 3 /OUTPUT 4 "Q";
v0x56287c3ee5a0_0 .var "Q", 3 0;
v0x56287c3ee680_0 .net "clk", 0 0, v0x56287c3efd50_0;  alias, 1 drivers
v0x56287c3ee790_0 .net "enable", 0 0, L_0x56287c3f00c0;  1 drivers
v0x56287c3ee830_0 .net "reset", 0 0, v0x56287c3efe20_0;  alias, 1 drivers
    .scope S_0x56287c3d0700;
T_0 ;
    %wait E_0x56287c3d1b80;
    %load/vec4 v0x56287c3edbe0_0;
    %flag_set/vec4 8;
    %jmp/0xz  T_0.0, 8;
    %pushi/vec4 0, 0, 4;
    %assign/vec4 v0x56287c3c0270_0, 0;
    %jmp T_0.1;
T_0.0 ;
    %load/vec4 v0x56287c3edb40_0;
    %flag_set/vec4 8;
    %jmp/0xz  T_0.2, 8;
    %load/vec4 v0x56287c3c0270_0;
    %cmpi/e 9, 0, 4;
    %jmp/0xz  T_0.4, 4;
    %pushi/vec4 0, 0, 4;
    %assign/vec4 v0x56287c3c0270_0, 0;
    %jmp T_0.5;
T_0.4 ;
    %load/vec4 v0x56287c3c0270_0;
    %addi 1, 0, 4;
    %assign/vec4 v0x56287c3c0270_0, 0;
T_0.5 ;
T_0.2 ;
T_0.1 ;
    %jmp T_0;
    .thread T_0;
    .scope S_0x56287c3edd20;
T_1 ;
    %wait E_0x56287c3d1b80;
    %load/vec4 v0x56287c3ee200_0;
    %flag_set/vec4 8;
    %jmp/0xz  T_1.0, 8;
    %pushi/vec4 0, 0, 4;
    %assign/vec4 v0x56287c3edf90_0, 0;
    %jmp T_1.1;
T_1.0 ;
    %load/vec4 v0x56287c3ee130_0;
    %flag_set/vec4 8;
    %jmp/0xz  T_1.2, 8;
    %load/vec4 v0x56287c3edf90_0;
    %cmpi/e 9, 0, 4;
    %jmp/0xz  T_1.4, 4;
    %pushi/vec4 0, 0, 4;
    %assign/vec4 v0x56287c3edf90_0, 0;
    %jmp T_1.5;
T_1.4 ;
    %load/vec4 v0x56287c3edf90_0;
    %addi 1, 0, 4;
    %assign/vec4 v0x56287c3edf90_0, 0;
T_1.5 ;
T_1.2 ;
T_1.1 ;
    %jmp T_1;
    .thread T_1;
    .scope S_0x56287c3ee320;
T_2 ;
    %wait E_0x56287c3d1b80;
    %load/vec4 v0x56287c3ee830_0;
    %flag_set/vec4 8;
    %jmp/0xz  T_2.0, 8;
    %pushi/vec4 0, 0, 4;
    %assign/vec4 v0x56287c3ee5a0_0, 0;
    %jmp T_2.1;
T_2.0 ;
    %load/vec4 v0x56287c3ee790_0;
    %flag_set/vec4 8;
    %jmp/0xz  T_2.2, 8;
    %load/vec4 v0x56287c3ee5a0_0;
    %cmpi/e 9, 0, 4;
    %jmp/0xz  T_2.4, 4;
    %pushi/vec4 0, 0, 4;
    %assign/vec4 v0x56287c3ee5a0_0, 0;
    %jmp T_2.5;
T_2.4 ;
    %load/vec4 v0x56287c3ee5a0_0;
    %addi 1, 0, 4;
    %assign/vec4 v0x56287c3ee5a0_0, 0;
T_2.5 ;
T_2.2 ;
T_2.1 ;
    %jmp T_2;
    .thread T_2;
    .scope S_0x56287c3d3940;
T_3 ;
    %delay 5000, 0;
    %load/vec4 v0x56287c3efd50_0;
    %inv;
    %store/vec4 v0x56287c3efd50_0, 0, 1;
    %jmp T_3;
    .thread T_3;
    .scope S_0x56287c3d3940;
T_4 ;
    %pushi/vec4 0, 0, 1;
    %assign/vec4 v0x56287c3efd50_0, 0;
    %pushi/vec4 1, 0, 1;
    %assign/vec4 v0x56287c3efe20_0, 0;
    %delay 10000, 0;
    %pushi/vec4 0, 0, 1;
    %assign/vec4 v0x56287c3efe20_0, 0;
    %delay 11000000, 0;
    %vpi_call 2 23 "$finish" {0 0 0};
    %end;
    .thread T_4;
    .scope S_0x56287c3d3940;
T_5 ;
    %vpi_call 2 31 "$dumpfile", "tb_Counter1000.vcd" {0 0 0};
    %vpi_call 2 32 "$dumpvars", 32'sb00000000000000000000000000000000, S_0x56287c3d3940 {0 0 0};
    %end;
    .thread T_5;
# The file index is used to find the file name in the following table.
:file_names 5;
    "N/A";
    "<interactive>";
    "tb_Counter1000.v";
    "Counter1000.v";
    "bcdcount.v";
