#! /usr/bin/vvp
:ivl_version "11.0 (stable)";
:ivl_delay_selection "TYPICAL";
:vpi_time_precision - 12;
:vpi_module "/usr/lib/x86_64-linux-gnu/ivl/system.vpi";
:vpi_module "/usr/lib/x86_64-linux-gnu/ivl/vhdl_sys.vpi";
:vpi_module "/usr/lib/x86_64-linux-gnu/ivl/vhdl_textio.vpi";
:vpi_module "/usr/lib/x86_64-linux-gnu/ivl/v2005_math.vpi";
:vpi_module "/usr/lib/x86_64-linux-gnu/ivl/va_math.vpi";
S_0x556aba27e930 .scope module, "tb_shift_resister" "tb_shift_resister" 2 2;
 .timescale -12 -12;
v0x556aba292170_0 .var "areset", 0 0;
v0x556aba292230_0 .var "clk", 0 0;
v0x556aba292300_0 .var "data", 3 0;
v0x556aba292400_0 .var "ena", 0 0;
v0x556aba2924d0_0 .var "load", 0 0;
v0x556aba2925c0_0 .net "q", 3 0, v0x556aba291fd0_0;  1 drivers
S_0x556aba27eac0 .scope module, "DUT" "top_module" 2 10, 3 1 0, S_0x556aba27e930;
 .timescale -12 -12;
    .port_info 0 /INPUT 1 "clk";
    .port_info 1 /INPUT 1 "areset";
    .port_info 2 /INPUT 1 "load";
    .port_info 3 /INPUT 1 "ena";
    .port_info 4 /INPUT 4 "data";
    .port_info 5 /OUTPUT 4 "q";
v0x556aba27ecf0_0 .net "areset", 0 0, v0x556aba292170_0;  1 drivers
v0x556aba291c80_0 .net "clk", 0 0, v0x556aba292230_0;  1 drivers
v0x556aba291d40_0 .net "data", 3 0, v0x556aba292300_0;  1 drivers
v0x556aba291e00_0 .net "ena", 0 0, v0x556aba292400_0;  1 drivers
v0x556aba291ec0_0 .net "load", 0 0, v0x556aba2924d0_0;  1 drivers
v0x556aba291fd0_0 .var "q", 3 0;
E_0x556aba243590 .event posedge, v0x556aba27ecf0_0, v0x556aba291c80_0;
    .scope S_0x556aba27eac0;
T_0 ;
    %wait E_0x556aba243590;
    %load/vec4 v0x556aba27ecf0_0;
    %flag_set/vec4 8;
    %jmp/0xz  T_0.0, 8;
    %pushi/vec4 0, 0, 4;
    %assign/vec4 v0x556aba291fd0_0, 0;
    %jmp T_0.1;
T_0.0 ;
    %load/vec4 v0x556aba291ec0_0;
    %flag_set/vec4 8;
    %jmp/0xz  T_0.2, 8;
    %load/vec4 v0x556aba291d40_0;
    %assign/vec4 v0x556aba291fd0_0, 0;
    %jmp T_0.3;
T_0.2 ;
    %load/vec4 v0x556aba291e00_0;
    %flag_set/vec4 8;
    %jmp/0xz  T_0.4, 8;
    %pushi/vec4 0, 0, 1;
    %load/vec4 v0x556aba291fd0_0;
    %parti/s 3, 1, 2;
    %concat/vec4; draw_concat_vec4
    %assign/vec4 v0x556aba291fd0_0, 0;
T_0.4 ;
T_0.3 ;
T_0.1 ;
    %jmp T_0;
    .thread T_0;
    .scope S_0x556aba27e930;
T_1 ;
    %delay 5, 0;
    %load/vec4 v0x556aba292230_0;
    %inv;
    %store/vec4 v0x556aba292230_0, 0, 1;
    %jmp T_1;
    .thread T_1;
    .scope S_0x556aba27e930;
T_2 ;
    %pushi/vec4 1, 0, 1;
    %assign/vec4 v0x556aba292170_0, 0;
    %pushi/vec4 0, 0, 1;
    %assign/vec4 v0x556aba292230_0, 0;
    %pushi/vec4 0, 0, 1;
    %assign/vec4 v0x556aba292400_0, 0;
    %pushi/vec4 10, 0, 4;
    %store/vec4 v0x556aba292300_0, 0, 4;
    %delay 10, 0;
    %pushi/vec4 0, 0, 1;
    %assign/vec4 v0x556aba292170_0, 0;
    %delay 10, 0;
    %pushi/vec4 1, 0, 1;
    %assign/vec4 v0x556aba2924d0_0, 0;
    %delay 20, 0;
    %pushi/vec4 1, 0, 1;
    %assign/vec4 v0x556aba292400_0, 0;
    %delay 40, 0;
    %pushi/vec4 0, 0, 1;
    %assign/vec4 v0x556aba2924d0_0, 0;
    %delay 100, 0;
    %vpi_call 2 28 "$finish" {0 0 0};
    %end;
    .thread T_2;
    .scope S_0x556aba27e930;
T_3 ;
    %vpi_call 2 35 "$dumpfile", "tb_shift_resiter.vcd" {0 0 0};
    %vpi_call 2 36 "$dumpvars", 32'sb00000000000000000000000000000000, S_0x556aba27e930 {0 0 0};
    %end;
    .thread T_3;
# The file index is used to find the file name in the following table.
:file_names 4;
    "N/A";
    "<interactive>";
    "1_tb_4-bit_shift_register.v";
    "1_4-bit_shift_register.v";
