#! /usr/bin/vvp
:ivl_version "11.0 (stable)";
:ivl_delay_selection "TYPICAL";
:vpi_time_precision - 12;
:vpi_module "/usr/lib/x86_64-linux-gnu/ivl/system.vpi";
:vpi_module "/usr/lib/x86_64-linux-gnu/ivl/vhdl_sys.vpi";
:vpi_module "/usr/lib/x86_64-linux-gnu/ivl/vhdl_textio.vpi";
:vpi_module "/usr/lib/x86_64-linux-gnu/ivl/v2005_math.vpi";
:vpi_module "/usr/lib/x86_64-linux-gnu/ivl/va_math.vpi";
S_0x56465de78850 .scope module, "top_module_tb" "top_module_tb" 2 2;
 .timescale -9 -12;
v0x56465de999d0_0 .var "ack", 0 0;
v0x56465de99ac0_0 .var "clk", 0 0;
v0x56465de99b60_0 .net "count", 3 0, v0x56465de97ed0_0;  1 drivers
v0x56465de99c80_0 .net "counting", 0 0, L_0x56465deaac90;  1 drivers
v0x56465de99d70_0 .var "data", 0 0;
v0x56465de99eb0_0 .net "done", 0 0, L_0x56465deaae60;  1 drivers
v0x56465de99f50_0 .var "reset", 0 0;
S_0x56465de789e0 .scope module, "DUT" "top_module" 2 16, 3 2 0, S_0x56465de78850;
 .timescale -9 -12;
    .port_info 0 /INPUT 1 "clk";
    .port_info 1 /INPUT 1 "reset";
    .port_info 2 /INPUT 1 "data";
    .port_info 3 /INPUT 1 "ack";
    .port_info 4 /OUTPUT 4 "count";
    .port_info 5 /OUTPUT 1 "counting";
    .port_info 6 /OUTPUT 1 "done";
P_0x56465de6fde0 .param/l "COUNT" 0 3 98, C4<1000>;
P_0x56465de6fe20 .param/l "S" 0 3 90, C4<0000>;
P_0x56465de6fe60 .param/l "S1" 0 3 91, C4<0001>;
P_0x56465de6fea0 .param/l "S11" 0 3 92, C4<0010>;
P_0x56465de6fee0 .param/l "S110" 0 3 93, C4<0011>;
P_0x56465de6ff20 .param/l "SHIFT_0" 0 3 94, C4<0100>;
P_0x56465de6ff60 .param/l "SHIFT_1" 0 3 95, C4<0101>;
P_0x56465de6ffa0 .param/l "SHIFT_2" 0 3 96, C4<0110>;
P_0x56465de6ffe0 .param/l "SHIFT_3" 0 3 97, C4<0111>;
P_0x56465de70020 .param/l "WAIT" 0 3 99, C4<1001>;
L_0x56465de61890 .functor OR 1, L_0x56465de9a040, L_0x56465de9a130, C4<0>, C4<0>;
L_0x56465de9a400 .functor OR 1, L_0x56465de61890, L_0x56465de9a310, C4<0>, C4<0>;
L_0x56465de9a5e0 .functor OR 1, L_0x56465de9a400, L_0x56465de9a510, C4<0>, C4<0>;
L_0x56465deaab50 .functor AND 1, L_0x56465deaa930, L_0x56465deaaa60, C4<1>, C4<1>;
v0x56465de98160_0 .net "COUNT_done", 0 0, L_0x56465deaab50;  1 drivers
L_0x7f6d23ad3018 .functor BUFT 1, C4<0100>, C4<0>, C4<0>, C4<0>;
v0x56465de98240_0 .net/2u *"_ivl_0", 3 0, L_0x7f6d23ad3018;  1 drivers
L_0x7f6d23ad30a8 .functor BUFT 1, C4<0110>, C4<0>, C4<0>, C4<0>;
v0x56465de98320_0 .net/2u *"_ivl_10", 3 0, L_0x7f6d23ad30a8;  1 drivers
v0x56465de983e0_0 .net *"_ivl_12", 0 0, L_0x56465de9a310;  1 drivers
v0x56465de984a0_0 .net *"_ivl_14", 0 0, L_0x56465de9a400;  1 drivers
L_0x7f6d23ad30f0 .functor BUFT 1, C4<0111>, C4<0>, C4<0>, C4<0>;
v0x56465de985d0_0 .net/2u *"_ivl_16", 3 0, L_0x7f6d23ad30f0;  1 drivers
v0x56465de986b0_0 .net *"_ivl_18", 0 0, L_0x56465de9a510;  1 drivers
v0x56465de98770_0 .net *"_ivl_2", 0 0, L_0x56465de9a040;  1 drivers
L_0x7f6d23ad3138 .functor BUFT 1, C4<1111100111>, C4<0>, C4<0>, C4<0>;
v0x56465de98830_0 .net/2u *"_ivl_22", 9 0, L_0x7f6d23ad3138;  1 drivers
L_0x7f6d23ad3180 .functor BUFT 1, C4<1111100111>, C4<0>, C4<0>, C4<0>;
v0x56465de98910_0 .net/2u *"_ivl_26", 9 0, L_0x7f6d23ad3180;  1 drivers
v0x56465de989f0_0 .net *"_ivl_28", 0 0, L_0x56465deaa930;  1 drivers
L_0x7f6d23ad31c8 .functor BUFT 1, C4<0000>, C4<0>, C4<0>, C4<0>;
v0x56465de98ab0_0 .net/2u *"_ivl_30", 3 0, L_0x7f6d23ad31c8;  1 drivers
v0x56465de98b90_0 .net *"_ivl_32", 0 0, L_0x56465deaaa60;  1 drivers
L_0x7f6d23ad3210 .functor BUFT 1, C4<1000>, C4<0>, C4<0>, C4<0>;
v0x56465de98c50_0 .net/2u *"_ivl_36", 3 0, L_0x7f6d23ad3210;  1 drivers
L_0x7f6d23ad3060 .functor BUFT 1, C4<0101>, C4<0>, C4<0>, C4<0>;
v0x56465de98d30_0 .net/2u *"_ivl_4", 3 0, L_0x7f6d23ad3060;  1 drivers
L_0x7f6d23ad3258 .functor BUFT 1, C4<1001>, C4<0>, C4<0>, C4<0>;
v0x56465de98e10_0 .net/2u *"_ivl_40", 3 0, L_0x7f6d23ad3258;  1 drivers
v0x56465de98ef0_0 .net *"_ivl_6", 0 0, L_0x56465de9a130;  1 drivers
v0x56465de98fb0_0 .net *"_ivl_8", 0 0, L_0x56465de61890;  1 drivers
v0x56465de99090_0 .net "ack", 0 0, v0x56465de999d0_0;  1 drivers
v0x56465de99150_0 .net "clk", 0 0, v0x56465de99ac0_0;  1 drivers
v0x56465de991f0_0 .net "count", 3 0, v0x56465de97ed0_0;  alias, 1 drivers
v0x56465de992b0_0 .net "count_1000", 9 0, v0x56465de73b90_0;  1 drivers
v0x56465de99350_0 .net "count_ena", 0 0, L_0x56465deaa7a0;  1 drivers
v0x56465de993f0_0 .net "counting", 0 0, L_0x56465deaac90;  alias, 1 drivers
v0x56465de994c0_0 .var "curr_state", 3 0;
v0x56465de99560_0 .net "data", 0 0, v0x56465de99d70_0;  1 drivers
v0x56465de99630_0 .net "done", 0 0, L_0x56465deaae60;  alias, 1 drivers
v0x56465de996d0_0 .var "next_state", 3 0;
v0x56465de99790_0 .net "reset", 0 0, v0x56465de99f50_0;  1 drivers
v0x56465de99860_0 .net "shift_ena", 0 0, L_0x56465de9a5e0;  1 drivers
E_0x56465de7c1b0 .event edge, v0x56465de994c0_0, v0x56465de619b0_0, v0x56465de98160_0, v0x56465de99090_0;
L_0x56465de9a040 .cmp/eq 4, v0x56465de994c0_0, L_0x7f6d23ad3018;
L_0x56465de9a130 .cmp/eq 4, v0x56465de994c0_0, L_0x7f6d23ad3060;
L_0x56465de9a310 .cmp/eq 4, v0x56465de994c0_0, L_0x7f6d23ad30a8;
L_0x56465de9a510 .cmp/eq 4, v0x56465de994c0_0, L_0x7f6d23ad30f0;
L_0x56465deaa7a0 .cmp/eq 10, v0x56465de73b90_0, L_0x7f6d23ad3138;
L_0x56465deaa930 .cmp/eq 10, v0x56465de73b90_0, L_0x7f6d23ad3180;
L_0x56465deaaa60 .cmp/eq 4, v0x56465de97ed0_0, L_0x7f6d23ad31c8;
L_0x56465deaac90 .cmp/eq 4, v0x56465de994c0_0, L_0x7f6d23ad3210;
L_0x56465deaae60 .cmp/eq 4, v0x56465de994c0_0, L_0x7f6d23ad3258;
S_0x56465de7b160 .scope module, "count1000" "counter1000" 3 64, 3 168 0, S_0x56465de789e0;
 .timescale -9 -12;
    .port_info 0 /INPUT 1 "clk";
    .port_info 1 /INPUT 1 "reset";
    .port_info 2 /INPUT 1 "counting";
    .port_info 3 /OUTPUT 10 "q";
v0x56465de73e90_0 .net "clk", 0 0, v0x56465de99ac0_0;  alias, 1 drivers
v0x56465de73d10_0 .net "counting", 0 0, L_0x56465deaac90;  alias, 1 drivers
v0x56465de73b90_0 .var "q", 9 0;
v0x56465de73a10_0 .net "reset", 0 0, v0x56465de99f50_0;  alias, 1 drivers
E_0x56465de7bae0 .event posedge, v0x56465de73e90_0;
S_0x56465de97c50 .scope module, "shift" "shfit_regi" 3 71, 3 142 0, S_0x56465de789e0;
 .timescale -9 -12;
    .port_info 0 /INPUT 1 "clk";
    .port_info 1 /INPUT 1 "shift_ena";
    .port_info 2 /INPUT 1 "count_ena";
    .port_info 3 /INPUT 1 "data";
    .port_info 4 /OUTPUT 4 "q";
v0x56465de73890_0 .net "clk", 0 0, v0x56465de99ac0_0;  alias, 1 drivers
v0x56465de62d90_0 .net "count_ena", 0 0, L_0x56465deaa7a0;  alias, 1 drivers
v0x56465de619b0_0 .net "data", 0 0, v0x56465de99d70_0;  alias, 1 drivers
v0x56465de97ed0_0 .var "q", 3 0;
v0x56465de97fb0_0 .net "shift_ena", 0 0, L_0x56465de9a5e0;  alias, 1 drivers
    .scope S_0x56465de7b160;
T_0 ;
    %wait E_0x56465de7bae0;
    %load/vec4 v0x56465de73a10_0;
    %flag_set/vec4 8;
    %jmp/0xz  T_0.0, 8;
    %pushi/vec4 0, 0, 10;
    %assign/vec4 v0x56465de73b90_0, 0;
    %jmp T_0.1;
T_0.0 ;
    %load/vec4 v0x56465de73b90_0;
    %cmpi/u 999, 0, 10;
    %flag_inv 5; GE is !LT
    %jmp/0xz  T_0.2, 5;
    %pushi/vec4 0, 0, 10;
    %assign/vec4 v0x56465de73b90_0, 0;
    %jmp T_0.3;
T_0.2 ;
    %load/vec4 v0x56465de73d10_0;
    %flag_set/vec4 8;
    %jmp/0xz  T_0.4, 8;
    %load/vec4 v0x56465de73b90_0;
    %addi 1, 0, 10;
    %assign/vec4 v0x56465de73b90_0, 0;
T_0.4 ;
T_0.3 ;
T_0.1 ;
    %jmp T_0;
    .thread T_0;
    .scope S_0x56465de97c50;
T_1 ;
    %wait E_0x56465de7bae0;
    %load/vec4 v0x56465de97fb0_0;
    %load/vec4 v0x56465de62d90_0;
    %concat/vec4; draw_concat_vec4
    %dup/vec4;
    %pushi/vec4 0, 0, 2;
    %cmp/u;
    %jmp/1 T_1.0, 6;
    %dup/vec4;
    %pushi/vec4 1, 0, 2;
    %cmp/u;
    %jmp/1 T_1.1, 6;
    %dup/vec4;
    %pushi/vec4 2, 0, 2;
    %cmp/u;
    %jmp/1 T_1.2, 6;
    %dup/vec4;
    %pushi/vec4 3, 0, 2;
    %cmp/u;
    %jmp/1 T_1.3, 6;
    %jmp T_1.4;
T_1.0 ;
    %load/vec4 v0x56465de97ed0_0;
    %assign/vec4 v0x56465de97ed0_0, 0;
    %jmp T_1.4;
T_1.1 ;
    %load/vec4 v0x56465de97ed0_0;
    %subi 1, 0, 4;
    %assign/vec4 v0x56465de97ed0_0, 0;
    %jmp T_1.4;
T_1.2 ;
    %load/vec4 v0x56465de97ed0_0;
    %parti/s 3, 0, 2;
    %load/vec4 v0x56465de619b0_0;
    %concat/vec4; draw_concat_vec4
    %assign/vec4 v0x56465de97ed0_0, 0;
    %jmp T_1.4;
T_1.3 ;
    %load/vec4 v0x56465de97ed0_0;
    %assign/vec4 v0x56465de97ed0_0, 0;
    %jmp T_1.4;
T_1.4 ;
    %pop/vec4 1;
    %jmp T_1;
    .thread T_1;
    .scope S_0x56465de789e0;
T_2 ;
    %wait E_0x56465de7bae0;
    %load/vec4 v0x56465de99790_0;
    %flag_set/vec4 8;
    %jmp/0xz  T_2.0, 8;
    %pushi/vec4 0, 0, 4;
    %assign/vec4 v0x56465de994c0_0, 0;
    %jmp T_2.1;
T_2.0 ;
    %load/vec4 v0x56465de996d0_0;
    %assign/vec4 v0x56465de994c0_0, 0;
T_2.1 ;
    %jmp T_2;
    .thread T_2;
    .scope S_0x56465de789e0;
T_3 ;
    %wait E_0x56465de7c1b0;
    %load/vec4 v0x56465de994c0_0;
    %dup/vec4;
    %pushi/vec4 0, 0, 4;
    %cmp/u;
    %jmp/1 T_3.0, 6;
    %dup/vec4;
    %pushi/vec4 1, 0, 4;
    %cmp/u;
    %jmp/1 T_3.1, 6;
    %dup/vec4;
    %pushi/vec4 2, 0, 4;
    %cmp/u;
    %jmp/1 T_3.2, 6;
    %dup/vec4;
    %pushi/vec4 3, 0, 4;
    %cmp/u;
    %jmp/1 T_3.3, 6;
    %dup/vec4;
    %pushi/vec4 4, 0, 4;
    %cmp/u;
    %jmp/1 T_3.4, 6;
    %dup/vec4;
    %pushi/vec4 5, 0, 4;
    %cmp/u;
    %jmp/1 T_3.5, 6;
    %dup/vec4;
    %pushi/vec4 6, 0, 4;
    %cmp/u;
    %jmp/1 T_3.6, 6;
    %dup/vec4;
    %pushi/vec4 7, 0, 4;
    %cmp/u;
    %jmp/1 T_3.7, 6;
    %dup/vec4;
    %pushi/vec4 8, 0, 4;
    %cmp/u;
    %jmp/1 T_3.8, 6;
    %dup/vec4;
    %pushi/vec4 9, 0, 4;
    %cmp/u;
    %jmp/1 T_3.9, 6;
    %pushi/vec4 0, 0, 4;
    %store/vec4 v0x56465de996d0_0, 0, 4;
    %jmp T_3.11;
T_3.0 ;
    %load/vec4 v0x56465de99560_0;
    %flag_set/vec4 8;
    %jmp/0 T_3.12, 8;
    %pushi/vec4 1, 0, 4;
    %jmp/1 T_3.13, 8;
T_3.12 ; End of true expr.
    %pushi/vec4 0, 0, 4;
    %jmp/0 T_3.13, 8;
 ; End of false expr.
    %blend;
T_3.13;
    %store/vec4 v0x56465de996d0_0, 0, 4;
    %jmp T_3.11;
T_3.1 ;
    %load/vec4 v0x56465de99560_0;
    %flag_set/vec4 8;
    %jmp/0 T_3.14, 8;
    %pushi/vec4 2, 0, 4;
    %jmp/1 T_3.15, 8;
T_3.14 ; End of true expr.
    %pushi/vec4 0, 0, 4;
    %jmp/0 T_3.15, 8;
 ; End of false expr.
    %blend;
T_3.15;
    %store/vec4 v0x56465de996d0_0, 0, 4;
    %jmp T_3.11;
T_3.2 ;
    %load/vec4 v0x56465de99560_0;
    %flag_set/vec4 8;
    %jmp/0 T_3.16, 8;
    %pushi/vec4 2, 0, 4;
    %jmp/1 T_3.17, 8;
T_3.16 ; End of true expr.
    %pushi/vec4 3, 0, 4;
    %jmp/0 T_3.17, 8;
 ; End of false expr.
    %blend;
T_3.17;
    %store/vec4 v0x56465de996d0_0, 0, 4;
    %jmp T_3.11;
T_3.3 ;
    %load/vec4 v0x56465de99560_0;
    %flag_set/vec4 8;
    %jmp/0 T_3.18, 8;
    %pushi/vec4 4, 0, 4;
    %jmp/1 T_3.19, 8;
T_3.18 ; End of true expr.
    %pushi/vec4 0, 0, 4;
    %jmp/0 T_3.19, 8;
 ; End of false expr.
    %blend;
T_3.19;
    %store/vec4 v0x56465de996d0_0, 0, 4;
    %jmp T_3.11;
T_3.4 ;
    %pushi/vec4 5, 0, 4;
    %store/vec4 v0x56465de996d0_0, 0, 4;
    %jmp T_3.11;
T_3.5 ;
    %pushi/vec4 6, 0, 4;
    %store/vec4 v0x56465de996d0_0, 0, 4;
    %jmp T_3.11;
T_3.6 ;
    %pushi/vec4 7, 0, 4;
    %store/vec4 v0x56465de996d0_0, 0, 4;
    %jmp T_3.11;
T_3.7 ;
    %pushi/vec4 8, 0, 4;
    %store/vec4 v0x56465de996d0_0, 0, 4;
    %jmp T_3.11;
T_3.8 ;
    %load/vec4 v0x56465de98160_0;
    %flag_set/vec4 8;
    %jmp/0 T_3.20, 8;
    %pushi/vec4 9, 0, 4;
    %jmp/1 T_3.21, 8;
T_3.20 ; End of true expr.
    %pushi/vec4 8, 0, 4;
    %jmp/0 T_3.21, 8;
 ; End of false expr.
    %blend;
T_3.21;
    %store/vec4 v0x56465de996d0_0, 0, 4;
    %jmp T_3.11;
T_3.9 ;
    %load/vec4 v0x56465de99090_0;
    %flag_set/vec4 8;
    %jmp/0 T_3.22, 8;
    %pushi/vec4 0, 0, 4;
    %jmp/1 T_3.23, 8;
T_3.22 ; End of true expr.
    %pushi/vec4 9, 0, 4;
    %jmp/0 T_3.23, 8;
 ; End of false expr.
    %blend;
T_3.23;
    %store/vec4 v0x56465de996d0_0, 0, 4;
    %jmp T_3.11;
T_3.11 ;
    %pop/vec4 1;
    %jmp T_3;
    .thread T_3, $push;
    .scope S_0x56465de78850;
T_4 ;
    %delay 5000, 0;
    %load/vec4 v0x56465de99ac0_0;
    %inv;
    %store/vec4 v0x56465de99ac0_0, 0, 1;
    %jmp T_4;
    .thread T_4;
    .scope S_0x56465de78850;
T_5 ;
    %pushi/vec4 0, 0, 1;
    %store/vec4 v0x56465de99ac0_0, 0, 1;
    %pushi/vec4 1, 0, 1;
    %store/vec4 v0x56465de99f50_0, 0, 1;
    %pushi/vec4 0, 0, 1;
    %store/vec4 v0x56465de99d70_0, 0, 1;
    %pushi/vec4 0, 0, 1;
    %store/vec4 v0x56465de999d0_0, 0, 1;
    %delay 10000, 0;
    %pushi/vec4 0, 0, 1;
    %store/vec4 v0x56465de99f50_0, 0, 1;
    %delay 10000, 0;
    %pushi/vec4 1, 0, 1;
    %store/vec4 v0x56465de99d70_0, 0, 1;
    %delay 10000, 0;
    %pushi/vec4 1, 0, 1;
    %store/vec4 v0x56465de99d70_0, 0, 1;
    %delay 10000, 0;
    %pushi/vec4 0, 0, 1;
    %store/vec4 v0x56465de99d70_0, 0, 1;
    %delay 10000, 0;
    %pushi/vec4 1, 0, 1;
    %store/vec4 v0x56465de99d70_0, 0, 1;
    %delay 10000, 0;
    %pushi/vec4 0, 0, 1;
    %store/vec4 v0x56465de99d70_0, 0, 1;
    %delay 10000, 0;
    %pushi/vec4 0, 0, 1;
    %store/vec4 v0x56465de99d70_0, 0, 1;
    %delay 10000, 0;
    %pushi/vec4 0, 0, 1;
    %store/vec4 v0x56465de99d70_0, 0, 1;
    %delay 10000, 0;
    %pushi/vec4 1, 0, 1;
    %store/vec4 v0x56465de99d70_0, 0, 1;
    %delay 10000, 0;
    %pushi/vec4 0, 0, 1;
    %store/vec4 v0x56465de999d0_0, 0, 1;
    %delay 10000000, 0;
    %delay 30000000, 0;
    %delay 10000, 0;
    %vpi_call 2 61 "$finish" {0 0 0};
    %end;
    .thread T_5;
    .scope S_0x56465de78850;
T_6 ;
    %vpi_call 2 66 "$dumpfile", "6_tb.vcd" {0 0 0};
    %vpi_call 2 67 "$dumpvars", 32'sb00000000000000000000000000000000, S_0x56465de78850 {0 0 0};
    %end;
    .thread T_6;
# The file index is used to find the file name in the following table.
:file_names 4;
    "N/A";
    "<interactive>";
    "6_Tb.v";
    "6_The_complete timer.v";
