#! /usr/bin/vvp
:ivl_version "11.0 (stable)";
:ivl_delay_selection "TYPICAL";
:vpi_time_precision - 12;
:vpi_module "/usr/lib/x86_64-linux-gnu/ivl/system.vpi";
:vpi_module "/usr/lib/x86_64-linux-gnu/ivl/vhdl_sys.vpi";
:vpi_module "/usr/lib/x86_64-linux-gnu/ivl/vhdl_textio.vpi";
:vpi_module "/usr/lib/x86_64-linux-gnu/ivl/v2005_math.vpi";
:vpi_module "/usr/lib/x86_64-linux-gnu/ivl/va_math.vpi";
S_0x56005976dcf0 .scope module, "tb_watch_top" "tb_watch_top" 2 2;
 .timescale -9 -12;
P_0x5600597a04a0 .param/l "P_COUNT_BIT" 1 2 3, +C4<00000000000000000000000000011110>;
P_0x5600597a04e0 .param/l "P_HOUR_BIT" 1 2 6, +C4<00000000000000000000000000000101>;
P_0x5600597a0520 .param/l "P_MIN_BIT" 1 2 5, +C4<00000000000000000000000000000110>;
P_0x5600597a0560 .param/l "P_SEC_BIT" 1 2 4, +C4<00000000000000000000000000000110>;
v0x5600597d9880_0 .var "clk", 0 0;
v0x5600597d9940_0 .var "i_freq", 29 0;
v0x5600597d9a50_0 .var "i_run_en", 0 0;
v0x5600597d9af0_0 .net "o_hour", 4 0, L_0x56005979ff90;  1 drivers
v0x5600597d9be0_0 .net "o_min", 5 0, L_0x56005979eaa0;  1 drivers
v0x5600597d9d40_0 .net "o_sec", 5 0, L_0x56005979d5b0;  1 drivers
v0x5600597d9e50_0 .var "reset", 0 0;
S_0x56005976dfc0 .scope module, "watch_top_inst" "watch_top" 2 50, 3 4 0, S_0x56005976dcf0;
 .timescale -9 -12;
    .port_info 0 /INPUT 1 "clk";
    .port_info 1 /INPUT 1 "reset";
    .port_info 2 /INPUT 1 "i_run_en";
    .port_info 3 /INPUT 30 "i_freq";
    .port_info 4 /OUTPUT 6 "o_sec";
    .port_info 5 /OUTPUT 6 "o_min";
    .port_info 6 /OUTPUT 5 "o_hour";
P_0x5600597a10d0 .param/l "P_COUNT_BIT" 0 3 13, +C4<00000000000000000000000000011110>;
P_0x5600597a1110 .param/l "P_HOUR_BIT" 0 3 16, +C4<00000000000000000000000000000101>;
P_0x5600597a1150 .param/l "P_MIN_BIT" 0 3 15, +C4<00000000000000000000000000000110>;
P_0x5600597a1190 .param/l "P_SEC_BIT" 0 3 14, +C4<00000000000000000000000000000110>;
v0x5600597d90a0_0 .net "clk", 0 0, v0x5600597d9880_0;  1 drivers
v0x5600597d9160_0 .net "i_freq", 29 0, v0x5600597d9940_0;  1 drivers
v0x5600597d9250_0 .net "i_run_en", 0 0, v0x5600597d9a50_0;  1 drivers
v0x5600597d9320_0 .net "o_hour", 4 0, L_0x56005979ff90;  alias, 1 drivers
v0x5600597d93f0_0 .net "o_min", 5 0, L_0x56005979eaa0;  alias, 1 drivers
v0x5600597d9490_0 .net "o_sec", 5 0, L_0x56005979d5b0;  alias, 1 drivers
v0x5600597d9560_0 .net "reset", 0 0, v0x5600597d9e50_0;  1 drivers
v0x5600597d9600_0 .net "w_one_hour_tick", 0 0, v0x5600597d80c0_0;  1 drivers
v0x5600597d96a0_0 .net "w_one_min_tick", 0 0, v0x5600597d8db0_0;  1 drivers
v0x5600597d9740_0 .net "w_one_sec_tick", 0 0, v0x56005979d710_0;  1 drivers
S_0x5600597af6a0 .scope module, "one_sec_gen_inst" "one_sec_gen" 3 33, 4 2 0, S_0x56005976dfc0;
 .timescale -9 -12;
    .port_info 0 /INPUT 1 "clk";
    .port_info 1 /INPUT 1 "reset";
    .port_info 2 /INPUT 1 "i_run_en";
    .port_info 3 /INPUT 30 "i_freq";
    .port_info 4 /OUTPUT 1 "o_one_sec_tick";
P_0x5600597af880 .param/l "P_COUNT_BIT" 0 4 9, +C4<00000000000000000000000000011110>;
v0x5600597b0480_0 .net "clk", 0 0, v0x5600597d9880_0;  alias, 1 drivers
v0x5600597b0160_0 .net "i_freq", 29 0, v0x5600597d9940_0;  alias, 1 drivers
v0x5600597ab6c0_0 .net "i_run_en", 0 0, v0x5600597d9a50_0;  alias, 1 drivers
v0x56005979d710_0 .var "o_one_sec_tick", 0 0;
v0x56005979ec00_0 .var "r_counter", 29 0;
v0x5600597a00f0_0 .net "reset", 0 0, v0x5600597d9e50_0;  alias, 1 drivers
E_0x5600597b9820 .event posedge, v0x5600597b0480_0;
S_0x5600597d6a30 .scope module, "tick_gen_hour" "tick_gen" 3 78, 5 1 0, S_0x56005976dfc0;
 .timescale -9 -12;
    .port_info 0 /INPUT 1 "clk";
    .port_info 1 /INPUT 1 "reset";
    .port_info 2 /INPUT 1 "i_run_en";
    .port_info 3 /INPUT 1 "i_tick";
    .port_info 4 /OUTPUT 1 "o_tick_gen";
    .port_info 5 /OUTPUT 5 "o_cnt_val";
P_0x56005976f620 .param/l "P_COUNT_BIT" 0 5 10, +C4<00000000000000000000000000000101>;
P_0x56005976f660 .param/l "P_DELAY_OUT" 0 5 9, +C4<00000000000000000000000000000000>;
P_0x56005976f6a0 .param/l "P_INPUT_CNT" 0 5 11, +C4<00000000000000000000000000011000>;
v0x5600597d7000_0 .net "clk", 0 0, v0x5600597d9880_0;  alias, 1 drivers
v0x5600597d70f0_0 .net "i_run_en", 0 0, v0x5600597d9a50_0;  alias, 1 drivers
v0x5600597d71c0_0 .net "i_tick", 0 0, v0x5600597d80c0_0;  alias, 1 drivers
v0x5600597d7290_0 .net "o_cnt_val", 4 0, L_0x56005979ff90;  alias, 1 drivers
v0x5600597d7330_0 .var "o_tick_gen", 0 0;
v0x5600597d7440_0 .var "r_cnt_val", 4 0;
v0x5600597d7520_0 .net "reset", 0 0, v0x5600597d9e50_0;  alias, 1 drivers
S_0x5600597d6e20 .scope generate, "genblk1" "genblk1" 5 48, 5 48 0, S_0x5600597d6a30;
 .timescale -9 -12;
L_0x56005979ff90 .functor BUFZ 5, v0x5600597d7440_0, C4<00000>, C4<00000>, C4<00000>;
S_0x5600597d7660 .scope module, "tick_gen_min" "tick_gen" 3 62, 5 1 0, S_0x56005976dfc0;
 .timescale -9 -12;
    .port_info 0 /INPUT 1 "clk";
    .port_info 1 /INPUT 1 "reset";
    .port_info 2 /INPUT 1 "i_run_en";
    .port_info 3 /INPUT 1 "i_tick";
    .port_info 4 /OUTPUT 1 "o_tick_gen";
    .port_info 5 /OUTPUT 6 "o_cnt_val";
P_0x5600597d7870 .param/l "P_COUNT_BIT" 0 5 10, +C4<00000000000000000000000000000110>;
P_0x5600597d78b0 .param/l "P_DELAY_OUT" 0 5 9, +C4<00000000000000000000000000000000>;
P_0x5600597d78f0 .param/l "P_INPUT_CNT" 0 5 11, +C4<00000000000000000000000000111100>;
v0x5600597d7d40_0 .net "clk", 0 0, v0x5600597d9880_0;  alias, 1 drivers
v0x5600597d7e50_0 .net "i_run_en", 0 0, v0x5600597d9a50_0;  alias, 1 drivers
v0x5600597d7f60_0 .net "i_tick", 0 0, v0x5600597d8db0_0;  alias, 1 drivers
v0x5600597d8000_0 .net "o_cnt_val", 5 0, L_0x56005979eaa0;  alias, 1 drivers
v0x5600597d80c0_0 .var "o_tick_gen", 0 0;
v0x5600597d81b0_0 .var "r_cnt_val", 5 0;
v0x5600597d8270_0 .net "reset", 0 0, v0x5600597d9e50_0;  alias, 1 drivers
S_0x5600597d7b60 .scope generate, "genblk1" "genblk1" 5 48, 5 48 0, S_0x5600597d7660;
 .timescale -9 -12;
L_0x56005979eaa0 .functor BUFZ 6, v0x5600597d81b0_0, C4<000000>, C4<000000>, C4<000000>;
S_0x5600597d8420 .scope module, "tick_gen_sec" "tick_gen" 3 47, 5 1 0, S_0x56005976dfc0;
 .timescale -9 -12;
    .port_info 0 /INPUT 1 "clk";
    .port_info 1 /INPUT 1 "reset";
    .port_info 2 /INPUT 1 "i_run_en";
    .port_info 3 /INPUT 1 "i_tick";
    .port_info 4 /OUTPUT 1 "o_tick_gen";
    .port_info 5 /OUTPUT 6 "o_cnt_val";
P_0x5600597d8600 .param/l "P_COUNT_BIT" 0 5 10, +C4<00000000000000000000000000000110>;
P_0x5600597d8640 .param/l "P_DELAY_OUT" 0 5 9, +C4<00000000000000000000000000000000>;
P_0x5600597d8680 .param/l "P_INPUT_CNT" 0 5 11, +C4<00000000000000000000000000111100>;
v0x5600597d8a90_0 .net "clk", 0 0, v0x5600597d9880_0;  alias, 1 drivers
v0x5600597d8b50_0 .net "i_run_en", 0 0, v0x5600597d9a50_0;  alias, 1 drivers
v0x5600597d8c10_0 .net "i_tick", 0 0, v0x56005979d710_0;  alias, 1 drivers
v0x5600597d8d10_0 .net "o_cnt_val", 5 0, L_0x56005979d5b0;  alias, 1 drivers
v0x5600597d8db0_0 .var "o_tick_gen", 0 0;
v0x5600597d8ea0_0 .var "r_cnt_val", 5 0;
v0x5600597d8f40_0 .net "reset", 0 0, v0x5600597d9e50_0;  alias, 1 drivers
S_0x5600597d8890 .scope generate, "genblk1" "genblk1" 5 48, 5 48 0, S_0x5600597d8420;
 .timescale -9 -12;
L_0x56005979d5b0 .functor BUFZ 6, v0x5600597d8ea0_0, C4<000000>, C4<000000>, C4<000000>;
    .scope S_0x5600597af6a0;
T_0 ;
    %wait E_0x5600597b9820;
    %load/vec4 v0x5600597a00f0_0;
    %flag_set/vec4 8;
    %jmp/0xz  T_0.0, 8;
    %pushi/vec4 0, 0, 30;
    %assign/vec4 v0x56005979ec00_0, 0;
    %pushi/vec4 0, 0, 1;
    %assign/vec4 v0x56005979d710_0, 0;
    %jmp T_0.1;
T_0.0 ;
    %load/vec4 v0x5600597ab6c0_0;
    %flag_set/vec4 8;
    %jmp/0xz  T_0.2, 8;
    %load/vec4 v0x56005979ec00_0;
    %pad/u 32;
    %load/vec4 v0x5600597b0160_0;
    %pad/u 32;
    %subi 1, 0, 32;
    %cmp/e;
    %jmp/0xz  T_0.4, 4;
    %pushi/vec4 0, 0, 30;
    %assign/vec4 v0x56005979ec00_0, 0;
    %pushi/vec4 1, 0, 1;
    %assign/vec4 v0x56005979d710_0, 0;
    %jmp T_0.5;
T_0.4 ;
    %load/vec4 v0x56005979ec00_0;
    %addi 1, 0, 30;
    %assign/vec4 v0x56005979ec00_0, 0;
    %pushi/vec4 0, 0, 1;
    %assign/vec4 v0x56005979d710_0, 0;
T_0.5 ;
    %jmp T_0.3;
T_0.2 ;
    %pushi/vec4 0, 0, 1;
    %assign/vec4 v0x56005979d710_0, 0;
T_0.3 ;
T_0.1 ;
    %jmp T_0;
    .thread T_0;
    .scope S_0x5600597d8420;
T_1 ;
    %wait E_0x5600597b9820;
    %load/vec4 v0x5600597d8f40_0;
    %flag_set/vec4 8;
    %jmp/0xz  T_1.0, 8;
    %pushi/vec4 0, 0, 6;
    %assign/vec4 v0x5600597d8ea0_0, 0;
    %pushi/vec4 0, 0, 1;
    %assign/vec4 v0x5600597d8db0_0, 0;
    %jmp T_1.1;
T_1.0 ;
    %load/vec4 v0x5600597d8b50_0;
    %load/vec4 v0x5600597d8c10_0;
    %and;
    %flag_set/vec4 8;
    %jmp/0xz  T_1.2, 8;
    %load/vec4 v0x5600597d8ea0_0;
    %pad/u 32;
    %cmpi/e 59, 0, 32;
    %jmp/0xz  T_1.4, 4;
    %pushi/vec4 0, 0, 6;
    %assign/vec4 v0x5600597d8ea0_0, 0;
    %pushi/vec4 1, 0, 1;
    %assign/vec4 v0x5600597d8db0_0, 0;
    %jmp T_1.5;
T_1.4 ;
    %load/vec4 v0x5600597d8ea0_0;
    %addi 1, 0, 6;
    %assign/vec4 v0x5600597d8ea0_0, 0;
T_1.5 ;
    %jmp T_1.3;
T_1.2 ;
    %pushi/vec4 0, 0, 1;
    %assign/vec4 v0x5600597d8db0_0, 0;
T_1.3 ;
T_1.1 ;
    %jmp T_1;
    .thread T_1;
    .scope S_0x5600597d7660;
T_2 ;
    %wait E_0x5600597b9820;
    %load/vec4 v0x5600597d8270_0;
    %flag_set/vec4 8;
    %jmp/0xz  T_2.0, 8;
    %pushi/vec4 0, 0, 6;
    %assign/vec4 v0x5600597d81b0_0, 0;
    %pushi/vec4 0, 0, 1;
    %assign/vec4 v0x5600597d80c0_0, 0;
    %jmp T_2.1;
T_2.0 ;
    %load/vec4 v0x5600597d7e50_0;
    %load/vec4 v0x5600597d7f60_0;
    %and;
    %flag_set/vec4 8;
    %jmp/0xz  T_2.2, 8;
    %load/vec4 v0x5600597d81b0_0;
    %pad/u 32;
    %cmpi/e 59, 0, 32;
    %jmp/0xz  T_2.4, 4;
    %pushi/vec4 0, 0, 6;
    %assign/vec4 v0x5600597d81b0_0, 0;
    %pushi/vec4 1, 0, 1;
    %assign/vec4 v0x5600597d80c0_0, 0;
    %jmp T_2.5;
T_2.4 ;
    %load/vec4 v0x5600597d81b0_0;
    %addi 1, 0, 6;
    %assign/vec4 v0x5600597d81b0_0, 0;
T_2.5 ;
    %jmp T_2.3;
T_2.2 ;
    %pushi/vec4 0, 0, 1;
    %assign/vec4 v0x5600597d80c0_0, 0;
T_2.3 ;
T_2.1 ;
    %jmp T_2;
    .thread T_2;
    .scope S_0x5600597d6a30;
T_3 ;
    %wait E_0x5600597b9820;
    %load/vec4 v0x5600597d7520_0;
    %flag_set/vec4 8;
    %jmp/0xz  T_3.0, 8;
    %pushi/vec4 0, 0, 5;
    %assign/vec4 v0x5600597d7440_0, 0;
    %pushi/vec4 0, 0, 1;
    %assign/vec4 v0x5600597d7330_0, 0;
    %jmp T_3.1;
T_3.0 ;
    %load/vec4 v0x5600597d70f0_0;
    %load/vec4 v0x5600597d71c0_0;
    %and;
    %flag_set/vec4 8;
    %jmp/0xz  T_3.2, 8;
    %load/vec4 v0x5600597d7440_0;
    %pad/u 32;
    %cmpi/e 23, 0, 32;
    %jmp/0xz  T_3.4, 4;
    %pushi/vec4 0, 0, 5;
    %assign/vec4 v0x5600597d7440_0, 0;
    %pushi/vec4 1, 0, 1;
    %assign/vec4 v0x5600597d7330_0, 0;
    %jmp T_3.5;
T_3.4 ;
    %load/vec4 v0x5600597d7440_0;
    %addi 1, 0, 5;
    %assign/vec4 v0x5600597d7440_0, 0;
T_3.5 ;
    %jmp T_3.3;
T_3.2 ;
    %pushi/vec4 0, 0, 1;
    %assign/vec4 v0x5600597d7330_0, 0;
T_3.3 ;
T_3.1 ;
    %jmp T_3;
    .thread T_3;
    .scope S_0x56005976dcf0;
T_4 ;
    %delay 5000, 0;
    %load/vec4 v0x5600597d9880_0;
    %inv;
    %store/vec4 v0x5600597d9880_0, 0, 1;
    %jmp T_4;
    .thread T_4;
    .scope S_0x56005976dcf0;
T_5 ;
    %pushi/vec4 10, 0, 30;
    %assign/vec4 v0x5600597d9940_0, 0;
    %pushi/vec4 0, 0, 1;
    %assign/vec4 v0x5600597d9e50_0, 0;
    %pushi/vec4 0, 0, 1;
    %assign/vec4 v0x5600597d9880_0, 0;
    %pushi/vec4 0, 0, 1;
    %assign/vec4 v0x5600597d9a50_0, 0;
    %delay 100000, 0;
    %pushi/vec4 1, 0, 1;
    %assign/vec4 v0x5600597d9e50_0, 0;
    %delay 10000, 0;
    %pushi/vec4 0, 0, 1;
    %assign/vec4 v0x5600597d9e50_0, 0;
    %pushi/vec4 1, 0, 1;
    %assign/vec4 v0x5600597d9a50_0, 0;
    %delay 10000, 0;
    %delay 1410065408, 2;
    %pushi/vec4 0, 0, 1;
    %assign/vec4 v0x5600597d9a50_0, 0;
    %vpi_call 2 38 "$finish" {0 0 0};
    %end;
    .thread T_5;
    .scope S_0x56005976dcf0;
T_6 ;
    %vpi_call 2 62 "$dumpfile", "watch_top.vcd" {0 0 0};
    %vpi_call 2 63 "$dumpvars", 32'sb00000000000000000000000000000000, S_0x56005976dcf0 {0 0 0};
    %end;
    .thread T_6;
# The file index is used to find the file name in the following table.
:file_names 6;
    "N/A";
    "<interactive>";
    "tb_watch_top.v";
    "watch_top.v";
    "one_sec_gen.v";
    "tick_gen.v";
