#! /usr/bin/vvp
:ivl_version "11.0 (stable)";
:ivl_delay_selection "TYPICAL";
:vpi_time_precision - 12;
:vpi_module "/usr/lib/x86_64-linux-gnu/ivl/system.vpi";
:vpi_module "/usr/lib/x86_64-linux-gnu/ivl/vhdl_sys.vpi";
:vpi_module "/usr/lib/x86_64-linux-gnu/ivl/vhdl_textio.vpi";
:vpi_module "/usr/lib/x86_64-linux-gnu/ivl/v2005_math.vpi";
:vpi_module "/usr/lib/x86_64-linux-gnu/ivl/va_math.vpi";
S_0x559e8b6298c0 .scope module, "tb_top_module" "tb_top_module" 2 3;
 .timescale -9 -12;
v0x559e8b63d4f0_0 .var "areset", 0 0;
v0x559e8b63d5b0_0 .var "clk", 0 0;
v0x559e8b63d680_0 .var "in", 0 0;
v0x559e8b63d780_0 .net "out", 0 0, L_0x559e8b63d880;  1 drivers
S_0x559e8b629a50 .scope module, "uut" "top_module" 2 12, 3 1 0, S_0x559e8b6298c0;
 .timescale -9 -12;
    .port_info 0 /INPUT 1 "clk";
    .port_info 1 /INPUT 1 "areset";
    .port_info 2 /INPUT 1 "in";
    .port_info 3 /OUTPUT 1 "out";
P_0x559e8b614f50 .param/l "A" 0 3 8, C4<0>;
P_0x559e8b614f90 .param/l "B" 0 3 8, C4<1>;
L_0x7f8332d41018 .functor BUFT 1, C4<1>, C4<0>, C4<0>, C4<0>;
L_0x559e8b63d880 .functor XNOR 1, v0x559e8b63d120_0, L_0x7f8332d41018, C4<0>, C4<0>;
v0x559e8b5edcf0_0 .net/2u *"_ivl_0", 0 0, L_0x7f8332d41018;  1 drivers
v0x559e8b63cf90_0 .net "areset", 0 0, v0x559e8b63d4f0_0;  1 drivers
v0x559e8b63d050_0 .net "clk", 0 0, v0x559e8b63d5b0_0;  1 drivers
v0x559e8b63d120_0 .var "curr_state", 0 0;
v0x559e8b63d1e0_0 .net "in", 0 0, v0x559e8b63d680_0;  1 drivers
v0x559e8b63d2f0_0 .var "next_state", 0 0;
v0x559e8b63d3b0_0 .net "out", 0 0, L_0x559e8b63d880;  alias, 1 drivers
E_0x559e8b5ee1b0 .event edge, v0x559e8b63d120_0, v0x559e8b63d1e0_0;
E_0x559e8b5ee590 .event posedge, v0x559e8b63cf90_0, v0x559e8b63d050_0;
    .scope S_0x559e8b629a50;
T_0 ;
    %wait E_0x559e8b5ee590;
    %load/vec4 v0x559e8b63cf90_0;
    %flag_set/vec4 8;
    %jmp/0xz  T_0.0, 8;
    %pushi/vec4 1, 0, 1;
    %assign/vec4 v0x559e8b63d120_0, 0;
    %jmp T_0.1;
T_0.0 ;
    %load/vec4 v0x559e8b63d2f0_0;
    %assign/vec4 v0x559e8b63d120_0, 0;
T_0.1 ;
    %jmp T_0;
    .thread T_0;
    .scope S_0x559e8b629a50;
T_1 ;
    %wait E_0x559e8b5ee1b0;
    %load/vec4 v0x559e8b63d120_0;
    %dup/vec4;
    %pushi/vec4 1, 0, 1;
    %cmp/u;
    %jmp/1 T_1.0, 6;
    %dup/vec4;
    %pushi/vec4 0, 0, 1;
    %cmp/u;
    %jmp/1 T_1.1, 6;
    %jmp T_1.2;
T_1.0 ;
    %load/vec4 v0x559e8b63d1e0_0;
    %flag_set/vec4 8;
    %jmp/0 T_1.3, 8;
    %pushi/vec4 1, 0, 1;
    %jmp/1 T_1.4, 8;
T_1.3 ; End of true expr.
    %pushi/vec4 0, 0, 1;
    %jmp/0 T_1.4, 8;
 ; End of false expr.
    %blend;
T_1.4;
    %store/vec4 v0x559e8b63d2f0_0, 0, 1;
    %jmp T_1.2;
T_1.1 ;
    %load/vec4 v0x559e8b63d1e0_0;
    %flag_set/vec4 8;
    %jmp/0 T_1.5, 8;
    %pushi/vec4 0, 0, 1;
    %jmp/1 T_1.6, 8;
T_1.5 ; End of true expr.
    %pushi/vec4 1, 0, 1;
    %jmp/0 T_1.6, 8;
 ; End of false expr.
    %blend;
T_1.6;
    %store/vec4 v0x559e8b63d2f0_0, 0, 1;
    %jmp T_1.2;
T_1.2 ;
    %pop/vec4 1;
    %jmp T_1;
    .thread T_1, $push;
    .scope S_0x559e8b6298c0;
T_2 ;
    %pushi/vec4 0, 0, 1;
    %store/vec4 v0x559e8b63d5b0_0, 0, 1;
T_2.0 ;
    %delay 5000, 0;
    %load/vec4 v0x559e8b63d5b0_0;
    %inv;
    %store/vec4 v0x559e8b63d5b0_0, 0, 1;
    %jmp T_2.0;
    %end;
    .thread T_2;
    .scope S_0x559e8b6298c0;
T_3 ;
    %pushi/vec4 1, 0, 1;
    %assign/vec4 v0x559e8b63d4f0_0, 0;
    %pushi/vec4 0, 0, 1;
    %assign/vec4 v0x559e8b63d680_0, 0;
    %delay 40000, 0;
    %pushi/vec4 0, 0, 1;
    %assign/vec4 v0x559e8b63d4f0_0, 0;
    %pushi/vec4 1, 0, 1;
    %assign/vec4 v0x559e8b63d680_0, 0;
    %delay 40000, 0;
    %pushi/vec4 1, 0, 1;
    %assign/vec4 v0x559e8b63d4f0_0, 0;
    %delay 40000, 0;
    %pushi/vec4 0, 0, 1;
    %assign/vec4 v0x559e8b63d4f0_0, 0;
    %delay 10000, 0;
    %pushi/vec4 1, 0, 1;
    %store/vec4 v0x559e8b63d680_0, 0, 1;
    %delay 30000, 0;
    %pushi/vec4 0, 0, 1;
    %store/vec4 v0x559e8b63d680_0, 0, 1;
    %delay 30000, 0;
    %pushi/vec4 1, 0, 1;
    %store/vec4 v0x559e8b63d680_0, 0, 1;
    %delay 30000, 0;
    %vpi_call 2 46 "$finish" {0 0 0};
    %end;
    .thread T_3;
    .scope S_0x559e8b6298c0;
T_4 ;
    %vpi_call 2 51 "$dumpfile", "dump.vcd" {0 0 0};
    %vpi_call 2 52 "$dumpvars", 32'sb00000000000000000000000000000000, S_0x559e8b6298c0 {0 0 0};
    %end;
    .thread T_4;
# The file index is used to find the file name in the following table.
:file_names 4;
    "N/A";
    "<interactive>";
    "1_tb_simplesFSM11_async.v";
    "1_simplesFSM11_async.v";
