#! /usr/bin/vvp
:ivl_version "11.0 (stable)";
:ivl_delay_selection "TYPICAL";
:vpi_time_precision - 12;
:vpi_module "/usr/lib/x86_64-linux-gnu/ivl/system.vpi";
:vpi_module "/usr/lib/x86_64-linux-gnu/ivl/vhdl_sys.vpi";
:vpi_module "/usr/lib/x86_64-linux-gnu/ivl/vhdl_textio.vpi";
:vpi_module "/usr/lib/x86_64-linux-gnu/ivl/v2005_math.vpi";
:vpi_module "/usr/lib/x86_64-linux-gnu/ivl/va_math.vpi";
S_0x55eae4c04d20 .scope module, "tb_watch_top" "tb_watch_top" 2 2;
 .timescale -9 -12;
P_0x55eae4c03070 .param/l "P_COUNT_BIT" 1 2 3, +C4<00000000000000000000000000011110>;
P_0x55eae4c030b0 .param/l "P_HOUR_BIT" 1 2 6, +C4<00000000000000000000000000000101>;
P_0x55eae4c030f0 .param/l "P_MIN_BIT" 1 2 5, +C4<00000000000000000000000000000110>;
P_0x55eae4c03130 .param/l "P_SEC_BIT" 1 2 4, +C4<00000000000000000000000000000110>;
v0x55eae4c3de90_0 .var "clk", 0 0;
v0x55eae4c3df50_0 .var "i_freq", 29 0;
v0x55eae4c3e060_0 .var "i_run_en", 0 0;
v0x55eae4c3e100_0 .net "o_hour", 4 0, L_0x55eae4bfe840;  1 drivers
v0x55eae4c3e1f0_0 .net "o_min", 5 0, L_0x55eae4bffda0;  1 drivers
v0x55eae4c3e350_0 .net "o_sec", 5 0, L_0x55eae4c047f0;  1 drivers
v0x55eae4c3e460_0 .var "reset", 0 0;
S_0x55eae4bced50 .scope module, "watch_top_inst" "watch_top" 2 50, 3 4 0, S_0x55eae4c04d20;
 .timescale -9 -12;
    .port_info 0 /INPUT 1 "clk";
    .port_info 1 /INPUT 1 "reset";
    .port_info 2 /INPUT 1 "i_run_en";
    .port_info 3 /INPUT 30 "i_freq";
    .port_info 4 /OUTPUT 6 "o_sec";
    .port_info 5 /OUTPUT 6 "o_min";
    .port_info 6 /OUTPUT 5 "o_hour";
P_0x55eae4c02f60 .param/l "P_COUNT_BIT" 0 3 13, +C4<00000000000000000000000000011110>;
P_0x55eae4c02fa0 .param/l "P_HOUR_BIT" 0 3 16, +C4<00000000000000000000000000000101>;
P_0x55eae4c02fe0 .param/l "P_MIN_BIT" 0 3 15, +C4<00000000000000000000000000000110>;
P_0x55eae4c03020 .param/l "P_SEC_BIT" 0 3 14, +C4<00000000000000000000000000000110>;
v0x55eae4c3d6b0_0 .net "clk", 0 0, v0x55eae4c3de90_0;  1 drivers
v0x55eae4c3d770_0 .net "i_freq", 29 0, v0x55eae4c3df50_0;  1 drivers
v0x55eae4c3d860_0 .net "i_run_en", 0 0, v0x55eae4c3e060_0;  1 drivers
v0x55eae4c3d930_0 .net "o_hour", 4 0, L_0x55eae4bfe840;  alias, 1 drivers
v0x55eae4c3da00_0 .net "o_min", 5 0, L_0x55eae4bffda0;  alias, 1 drivers
v0x55eae4c3daa0_0 .net "o_sec", 5 0, L_0x55eae4c047f0;  alias, 1 drivers
v0x55eae4c3db70_0 .net "reset", 0 0, v0x55eae4c3e460_0;  1 drivers
v0x55eae4c3dc10_0 .net "w_one_hour_tick", 0 0, v0x55eae4c3c2b0_0;  1 drivers
v0x55eae4c3dcb0_0 .net "w_one_min_tick", 0 0, v0x55eae4c3d3c0_0;  1 drivers
v0x55eae4c3dd50_0 .net "w_one_sec_tick", 0 0, v0x55eae4bfeed0_0;  1 drivers
S_0x55eae4c10e40 .scope module, "one_sec_gen_inst" "one_sec_gen" 3 34, 4 2 0, S_0x55eae4bced50;
 .timescale -9 -12;
    .port_info 0 /INPUT 1 "clk";
    .port_info 1 /INPUT 1 "reset";
    .port_info 2 /INPUT 1 "i_run_en";
    .port_info 3 /INPUT 30 "i_freq";
    .port_info 4 /OUTPUT 1 "o_one_sec_tick";
P_0x55eae4c11020 .param/l "P_COUNT_BIT" 0 4 9, +C4<00000000000000000000000000011110>;
v0x55eae4c04990_0 .net "clk", 0 0, v0x55eae4c3de90_0;  alias, 1 drivers
v0x55eae4bfff00_0 .net "i_freq", 29 0, v0x55eae4c3df50_0;  alias, 1 drivers
v0x55eae4bfe960_0 .net "i_run_en", 0 0, v0x55eae4c3e060_0;  alias, 1 drivers
v0x55eae4bfeed0_0 .var "o_one_sec_tick", 0 0;
v0x55eae4c016f0_0 .var "r_counter", 29 0;
v0x55eae4c00670_0 .net "reset", 0 0, v0x55eae4c3e460_0;  alias, 1 drivers
E_0x55eae4c1afc0 .event posedge, v0x55eae4c04990_0;
S_0x55eae4c3ac20 .scope module, "tick_gen_hour" "tick_gen" 3 80, 5 1 0, S_0x55eae4bced50;
 .timescale -9 -12;
    .port_info 0 /INPUT 1 "clk";
    .port_info 1 /INPUT 1 "reset";
    .port_info 2 /INPUT 1 "i_run_en";
    .port_info 3 /INPUT 1 "i_tick";
    .port_info 4 /OUTPUT 1 "o_tick_gen";
    .port_info 5 /OUTPUT 5 "o_cnt_val";
P_0x55eae4bd0620 .param/l "P_COUNT_BIT" 0 5 10, +C4<00000000000000000000000000000101>;
P_0x55eae4bd0660 .param/l "P_DELAY_OUT" 0 5 9, +C4<00000000000000000000000000000000>;
P_0x55eae4bd06a0 .param/l "P_INPUT_CNT" 0 5 11, +C4<00000000000000000000000000011000>;
v0x55eae4c3b0f0_0 .net "clk", 0 0, v0x55eae4c3de90_0;  alias, 1 drivers
v0x55eae4c3b1e0_0 .net "i_run_en", 0 0, v0x55eae4c3e060_0;  alias, 1 drivers
v0x55eae4c3b2b0_0 .net "i_tick", 0 0, v0x55eae4c3c2b0_0;  alias, 1 drivers
v0x55eae4c3b380_0 .net "o_cnt_val", 4 0, L_0x55eae4bfe840;  alias, 1 drivers
v0x55eae4c3b420_0 .var "o_tick_gen", 0 0;
v0x55eae4c3b530_0 .var "r_cnt_val", 4 0;
v0x55eae4c3b610_0 .net "reset", 0 0, v0x55eae4c3e460_0;  alias, 1 drivers
S_0x55eae4c3af10 .scope generate, "genblk1" "genblk1" 5 63, 5 63 0, S_0x55eae4c3ac20;
 .timescale -9 -12;
L_0x55eae4bfe840 .functor BUFZ 5, v0x55eae4c3b530_0, C4<00000>, C4<00000>, C4<00000>;
S_0x55eae4c3b750 .scope module, "tick_gen_min" "tick_gen" 3 65, 5 1 0, S_0x55eae4bced50;
 .timescale -9 -12;
    .port_info 0 /INPUT 1 "clk";
    .port_info 1 /INPUT 1 "reset";
    .port_info 2 /INPUT 1 "i_run_en";
    .port_info 3 /INPUT 1 "i_tick";
    .port_info 4 /OUTPUT 1 "o_tick_gen";
    .port_info 5 /OUTPUT 6 "o_cnt_val";
P_0x55eae4c3b960 .param/l "P_COUNT_BIT" 0 5 10, +C4<00000000000000000000000000000110>;
P_0x55eae4c3b9a0 .param/l "P_DELAY_OUT" 0 5 9, +C4<00000000000000000000000000000001>;
P_0x55eae4c3b9e0 .param/l "P_INPUT_CNT" 0 5 11, +C4<00000000000000000000000000111100>;
v0x55eae4c3bf30_0 .net "clk", 0 0, v0x55eae4c3de90_0;  alias, 1 drivers
v0x55eae4c3c040_0 .net "i_run_en", 0 0, v0x55eae4c3e060_0;  alias, 1 drivers
v0x55eae4c3c150_0 .net "i_tick", 0 0, v0x55eae4c3d3c0_0;  alias, 1 drivers
v0x55eae4c3c1f0_0 .net "o_cnt_val", 5 0, L_0x55eae4bffda0;  alias, 1 drivers
v0x55eae4c3c2b0_0 .var "o_tick_gen", 0 0;
v0x55eae4c3c3a0_0 .var "r_cnt_val", 5 0;
v0x55eae4c3c460_0 .net "reset", 0 0, v0x55eae4c3e460_0;  alias, 1 drivers
S_0x55eae4c3bc50 .scope generate, "genblk3" "genblk3" 5 67, 5 67 0, S_0x55eae4c3b750;
 .timescale -9 -12;
L_0x55eae4bffda0 .functor BUFZ 6, v0x55eae4c3be30_0, C4<000000>, C4<000000>, C4<000000>;
v0x55eae4c3be30_0 .var "r_cnt_val_d", 5 0;
S_0x55eae4c3c610 .scope module, "tick_gen_sec" "tick_gen" 3 50, 5 1 0, S_0x55eae4bced50;
 .timescale -9 -12;
    .port_info 0 /INPUT 1 "clk";
    .port_info 1 /INPUT 1 "reset";
    .port_info 2 /INPUT 1 "i_run_en";
    .port_info 3 /INPUT 1 "i_tick";
    .port_info 4 /OUTPUT 1 "o_tick_gen";
    .port_info 5 /OUTPUT 6 "o_cnt_val";
P_0x55eae4c3c7f0 .param/l "P_COUNT_BIT" 0 5 10, +C4<00000000000000000000000000000110>;
P_0x55eae4c3c830 .param/l "P_DELAY_OUT" 0 5 9, +C4<00000000000000000000000000000010>;
P_0x55eae4c3c870 .param/l "P_INPUT_CNT" 0 5 11, +C4<00000000000000000000000000111100>;
v0x55eae4c3d0a0_0 .net "clk", 0 0, v0x55eae4c3de90_0;  alias, 1 drivers
v0x55eae4c3d160_0 .net "i_run_en", 0 0, v0x55eae4c3e060_0;  alias, 1 drivers
v0x55eae4c3d220_0 .net "i_tick", 0 0, v0x55eae4bfeed0_0;  alias, 1 drivers
v0x55eae4c3d320_0 .net "o_cnt_val", 5 0, L_0x55eae4c047f0;  alias, 1 drivers
v0x55eae4c3d3c0_0 .var "o_tick_gen", 0 0;
v0x55eae4c3d4b0_0 .var "r_cnt_val", 5 0;
v0x55eae4c3d550_0 .net "reset", 0 0, v0x55eae4c3e460_0;  alias, 1 drivers
S_0x55eae4c3ca80 .scope generate, "genblk4" "genblk4" 5 67, 5 67 0, S_0x55eae4c3c610;
 .timescale -9 -12;
v0x55eae4c3cf80_1 .array/port v0x55eae4c3cf80, 1;
L_0x55eae4c047f0 .functor BUFZ 6, v0x55eae4c3cf80_1, C4<000000>, C4<000000>, C4<000000>;
v0x55eae4c3cf80 .array "r_cnt_val_d", 0 1, 5 0;
S_0x55eae4c3cc80 .scope generate, "gen_delay[1]" "gen_delay[1]" 5 91, 5 91 0, S_0x55eae4c3ca80;
 .timescale -9 -12;
P_0x55eae4c3cea0 .param/l "gi" 0 5 91, +C4<01>;
    .scope S_0x55eae4c10e40;
T_0 ;
    %wait E_0x55eae4c1afc0;
    %load/vec4 v0x55eae4c00670_0;
    %flag_set/vec4 8;
    %jmp/0xz  T_0.0, 8;
    %pushi/vec4 0, 0, 30;
    %assign/vec4 v0x55eae4c016f0_0, 0;
    %pushi/vec4 0, 0, 1;
    %assign/vec4 v0x55eae4bfeed0_0, 0;
    %jmp T_0.1;
T_0.0 ;
    %load/vec4 v0x55eae4bfe960_0;
    %flag_set/vec4 8;
    %jmp/0xz  T_0.2, 8;
    %load/vec4 v0x55eae4c016f0_0;
    %pad/u 32;
    %load/vec4 v0x55eae4bfff00_0;
    %pad/u 32;
    %subi 1, 0, 32;
    %cmp/e;
    %jmp/0xz  T_0.4, 4;
    %pushi/vec4 0, 0, 30;
    %assign/vec4 v0x55eae4c016f0_0, 0;
    %pushi/vec4 1, 0, 1;
    %assign/vec4 v0x55eae4bfeed0_0, 0;
    %jmp T_0.5;
T_0.4 ;
    %load/vec4 v0x55eae4c016f0_0;
    %addi 1, 0, 30;
    %assign/vec4 v0x55eae4c016f0_0, 0;
    %pushi/vec4 0, 0, 1;
    %assign/vec4 v0x55eae4bfeed0_0, 0;
T_0.5 ;
    %jmp T_0.3;
T_0.2 ;
    %pushi/vec4 0, 0, 1;
    %assign/vec4 v0x55eae4bfeed0_0, 0;
T_0.3 ;
T_0.1 ;
    %jmp T_0;
    .thread T_0;
    .scope S_0x55eae4c3ca80;
T_1 ;
    %wait E_0x55eae4c1afc0;
    %load/vec4 v0x55eae4c3d4b0_0;
    %ix/load 3, 0, 0;
    %flag_set/imm 4, 0;
    %ix/load 4, 0, 0; Constant delay
    %assign/vec4/a/d v0x55eae4c3cf80, 0, 4;
    %jmp T_1;
    .thread T_1;
    .scope S_0x55eae4c3cc80;
T_2 ;
    %wait E_0x55eae4c1afc0;
    %ix/load 4, 0, 0;
    %flag_set/imm 4, 0;
    %load/vec4a v0x55eae4c3cf80, 4;
    %ix/load 3, 1, 0;
    %flag_set/imm 4, 0;
    %ix/load 4, 0, 0; Constant delay
    %assign/vec4/a/d v0x55eae4c3cf80, 0, 4;
    %jmp T_2;
    .thread T_2;
    .scope S_0x55eae4c3c610;
T_3 ;
    %wait E_0x55eae4c1afc0;
    %load/vec4 v0x55eae4c3d550_0;
    %flag_set/vec4 8;
    %jmp/0xz  T_3.0, 8;
    %pushi/vec4 0, 0, 6;
    %assign/vec4 v0x55eae4c3d4b0_0, 0;
    %pushi/vec4 0, 0, 1;
    %assign/vec4 v0x55eae4c3d3c0_0, 0;
    %jmp T_3.1;
T_3.0 ;
    %load/vec4 v0x55eae4c3d160_0;
    %load/vec4 v0x55eae4c3d220_0;
    %and;
    %flag_set/vec4 8;
    %jmp/0xz  T_3.2, 8;
    %load/vec4 v0x55eae4c3d4b0_0;
    %pad/u 32;
    %cmpi/e 59, 0, 32;
    %jmp/0xz  T_3.4, 4;
    %pushi/vec4 0, 0, 6;
    %assign/vec4 v0x55eae4c3d4b0_0, 0;
    %pushi/vec4 1, 0, 1;
    %assign/vec4 v0x55eae4c3d3c0_0, 0;
    %jmp T_3.5;
T_3.4 ;
    %load/vec4 v0x55eae4c3d4b0_0;
    %addi 1, 0, 6;
    %assign/vec4 v0x55eae4c3d4b0_0, 0;
T_3.5 ;
    %jmp T_3.3;
T_3.2 ;
    %pushi/vec4 0, 0, 1;
    %assign/vec4 v0x55eae4c3d3c0_0, 0;
T_3.3 ;
T_3.1 ;
    %jmp T_3;
    .thread T_3;
    .scope S_0x55eae4c3bc50;
T_4 ;
    %wait E_0x55eae4c1afc0;
    %load/vec4 v0x55eae4c3c3a0_0;
    %assign/vec4 v0x55eae4c3be30_0, 0;
    %jmp T_4;
    .thread T_4;
    .scope S_0x55eae4c3b750;
T_5 ;
    %wait E_0x55eae4c1afc0;
    %load/vec4 v0x55eae4c3c460_0;
    %flag_set/vec4 8;
    %jmp/0xz  T_5.0, 8;
    %pushi/vec4 0, 0, 6;
    %assign/vec4 v0x55eae4c3c3a0_0, 0;
    %pushi/vec4 0, 0, 1;
    %assign/vec4 v0x55eae4c3c2b0_0, 0;
    %jmp T_5.1;
T_5.0 ;
    %load/vec4 v0x55eae4c3c040_0;
    %load/vec4 v0x55eae4c3c150_0;
    %and;
    %flag_set/vec4 8;
    %jmp/0xz  T_5.2, 8;
    %load/vec4 v0x55eae4c3c3a0_0;
    %pad/u 32;
    %cmpi/e 59, 0, 32;
    %jmp/0xz  T_5.4, 4;
    %pushi/vec4 0, 0, 6;
    %assign/vec4 v0x55eae4c3c3a0_0, 0;
    %pushi/vec4 1, 0, 1;
    %assign/vec4 v0x55eae4c3c2b0_0, 0;
    %jmp T_5.5;
T_5.4 ;
    %load/vec4 v0x55eae4c3c3a0_0;
    %addi 1, 0, 6;
    %assign/vec4 v0x55eae4c3c3a0_0, 0;
T_5.5 ;
    %jmp T_5.3;
T_5.2 ;
    %pushi/vec4 0, 0, 1;
    %assign/vec4 v0x55eae4c3c2b0_0, 0;
T_5.3 ;
T_5.1 ;
    %jmp T_5;
    .thread T_5;
    .scope S_0x55eae4c3ac20;
T_6 ;
    %wait E_0x55eae4c1afc0;
    %load/vec4 v0x55eae4c3b610_0;
    %flag_set/vec4 8;
    %jmp/0xz  T_6.0, 8;
    %pushi/vec4 0, 0, 5;
    %assign/vec4 v0x55eae4c3b530_0, 0;
    %pushi/vec4 0, 0, 1;
    %assign/vec4 v0x55eae4c3b420_0, 0;
    %jmp T_6.1;
T_6.0 ;
    %load/vec4 v0x55eae4c3b1e0_0;
    %load/vec4 v0x55eae4c3b2b0_0;
    %and;
    %flag_set/vec4 8;
    %jmp/0xz  T_6.2, 8;
    %load/vec4 v0x55eae4c3b530_0;
    %pad/u 32;
    %cmpi/e 23, 0, 32;
    %jmp/0xz  T_6.4, 4;
    %pushi/vec4 0, 0, 5;
    %assign/vec4 v0x55eae4c3b530_0, 0;
    %pushi/vec4 1, 0, 1;
    %assign/vec4 v0x55eae4c3b420_0, 0;
    %jmp T_6.5;
T_6.4 ;
    %load/vec4 v0x55eae4c3b530_0;
    %addi 1, 0, 5;
    %assign/vec4 v0x55eae4c3b530_0, 0;
T_6.5 ;
    %jmp T_6.3;
T_6.2 ;
    %pushi/vec4 0, 0, 1;
    %assign/vec4 v0x55eae4c3b420_0, 0;
T_6.3 ;
T_6.1 ;
    %jmp T_6;
    .thread T_6;
    .scope S_0x55eae4c04d20;
T_7 ;
    %delay 5000, 0;
    %load/vec4 v0x55eae4c3de90_0;
    %inv;
    %store/vec4 v0x55eae4c3de90_0, 0, 1;
    %jmp T_7;
    .thread T_7;
    .scope S_0x55eae4c04d20;
T_8 ;
    %pushi/vec4 10, 0, 30;
    %assign/vec4 v0x55eae4c3df50_0, 0;
    %pushi/vec4 0, 0, 1;
    %assign/vec4 v0x55eae4c3e460_0, 0;
    %pushi/vec4 0, 0, 1;
    %assign/vec4 v0x55eae4c3de90_0, 0;
    %pushi/vec4 0, 0, 1;
    %assign/vec4 v0x55eae4c3e060_0, 0;
    %vpi_call 2 28 "$display", "Reset! [%d]", $time {0 0 0};
    %delay 100000, 0;
    %pushi/vec4 1, 0, 1;
    %assign/vec4 v0x55eae4c3e460_0, 0;
    %delay 10000, 0;
    %pushi/vec4 0, 0, 1;
    %assign/vec4 v0x55eae4c3e460_0, 0;
    %pushi/vec4 1, 0, 1;
    %assign/vec4 v0x55eae4c3e060_0, 0;
    %delay 10000, 0;
    %wait E_0x55eae4c1afc0;
    %vpi_call 2 36 "$display", "Start! [%d]", $time {0 0 0};
    %delay 1410065408, 2;
    %vpi_call 2 38 "$display", "Finish! [%d]", $time {0 0 0};
    %pushi/vec4 0, 0, 1;
    %assign/vec4 v0x55eae4c3e060_0, 0;
    %vpi_call 2 40 "$finish" {0 0 0};
    %end;
    .thread T_8;
    .scope S_0x55eae4c04d20;
T_9 ;
    %vpi_call 2 62 "$dumpfile", "watch_top.vcd" {0 0 0};
    %vpi_call 2 63 "$dumpvars", 32'sb00000000000000000000000000000000, S_0x55eae4c04d20 {0 0 0};
    %end;
    .thread T_9;
# The file index is used to find the file name in the following table.
:file_names 6;
    "N/A";
    "<interactive>";
    "tb_watch_top.v";
    "watch_top.v";
    "one_sec_gen.v";
    "tick_gen.v";
