#! /usr/bin/vvp
:ivl_version "11.0 (stable)";
:ivl_delay_selection "TYPICAL";
:vpi_time_precision - 12;
:vpi_module "/usr/lib/x86_64-linux-gnu/ivl/system.vpi";
:vpi_module "/usr/lib/x86_64-linux-gnu/ivl/vhdl_sys.vpi";
:vpi_module "/usr/lib/x86_64-linux-gnu/ivl/vhdl_textio.vpi";
:vpi_module "/usr/lib/x86_64-linux-gnu/ivl/v2005_math.vpi";
:vpi_module "/usr/lib/x86_64-linux-gnu/ivl/va_math.vpi";
S_0x55a5fcacd210 .scope module, "tb_one_sec_gen" "tb_one_sec_gen" 2 3;
 .timescale -9 -12;
v0x55a5fcae2b70_0 .var "clk", 0 0;
v0x55a5fcae2c60_0 .var "i_freq", 29 0;
v0x55a5fcae2d30_0 .var "i_run_en", 0 0;
v0x55a5fcae2e30_0 .net "o_one_sec_tick", 0 0, v0x55a5fcae2820_0;  1 drivers
v0x55a5fcae2f00_0 .var "r_sec", 5 0;
v0x55a5fcae2ff0_0 .var "reset", 0 0;
S_0x55a5fcacd3a0 .scope module, "DUT" "one_sec_gen" 2 12, 3 3 0, S_0x55a5fcacd210;
 .timescale -9 -12;
    .port_info 0 /INPUT 1 "clk";
    .port_info 1 /INPUT 1 "reset";
    .port_info 2 /INPUT 1 "i_run_en";
    .port_info 3 /INPUT 30 "i_freq";
    .port_info 4 /OUTPUT 1 "o_one_sec_tick";
P_0x55a5fcacd580 .param/l "P_COUNT_BIT" 0 3 10, +C4<00000000000000000000000000011110>;
v0x55a5fca91ba0_0 .net "clk", 0 0, v0x55a5fcae2b70_0;  1 drivers
v0x55a5fcae2670_0 .net "i_freq", 29 0, v0x55a5fcae2c60_0;  1 drivers
v0x55a5fcae2750_0 .net "i_run_en", 0 0, v0x55a5fcae2d30_0;  1 drivers
v0x55a5fcae2820_0 .var "o_one_sec_tick", 0 0;
v0x55a5fcae28e0_0 .var "r_counter", 29 0;
v0x55a5fcae2a10_0 .net "reset", 0 0, v0x55a5fcae2ff0_0;  1 drivers
E_0x55a5fcace3e0 .event posedge, v0x55a5fca91ba0_0;
    .scope S_0x55a5fcacd3a0;
T_0 ;
    %wait E_0x55a5fcace3e0;
    %load/vec4 v0x55a5fcae2a10_0;
    %flag_set/vec4 8;
    %jmp/0xz  T_0.0, 8;
    %pushi/vec4 0, 0, 30;
    %assign/vec4 v0x55a5fcae28e0_0, 0;
    %pushi/vec4 0, 0, 1;
    %assign/vec4 v0x55a5fcae2820_0, 0;
    %jmp T_0.1;
T_0.0 ;
    %load/vec4 v0x55a5fcae2750_0;
    %flag_set/vec4 8;
    %jmp/0xz  T_0.2, 8;
    %load/vec4 v0x55a5fcae28e0_0;
    %pad/u 32;
    %load/vec4 v0x55a5fcae2670_0;
    %pad/u 32;
    %subi 1, 0, 32;
    %cmp/e;
    %jmp/0xz  T_0.4, 4;
    %pushi/vec4 0, 0, 30;
    %assign/vec4 v0x55a5fcae28e0_0, 0;
    %pushi/vec4 1, 0, 1;
    %assign/vec4 v0x55a5fcae2820_0, 0;
    %jmp T_0.5;
T_0.4 ;
    %load/vec4 v0x55a5fcae28e0_0;
    %addi 1, 0, 30;
    %assign/vec4 v0x55a5fcae28e0_0, 0;
    %pushi/vec4 0, 0, 1;
    %assign/vec4 v0x55a5fcae2820_0, 0;
T_0.5 ;
    %jmp T_0.3;
T_0.2 ;
    %pushi/vec4 0, 0, 1;
    %assign/vec4 v0x55a5fcae2820_0, 0;
T_0.3 ;
T_0.1 ;
    %jmp T_0;
    .thread T_0;
    .scope S_0x55a5fcacd210;
T_1 ;
    %delay 5000, 0;
    %load/vec4 v0x55a5fcae2b70_0;
    %inv;
    %store/vec4 v0x55a5fcae2b70_0, 0, 1;
    %jmp T_1;
    .thread T_1;
    .scope S_0x55a5fcacd210;
T_2 ;
    %wait E_0x55a5fcace3e0;
    %load/vec4 v0x55a5fcae2ff0_0;
    %flag_set/vec4 8;
    %jmp/0xz  T_2.0, 8;
    %pushi/vec4 0, 0, 6;
    %assign/vec4 v0x55a5fcae2f00_0, 0;
    %jmp T_2.1;
T_2.0 ;
    %load/vec4 v0x55a5fcae2e30_0;
    %flag_set/vec4 8;
    %jmp/0xz  T_2.2, 8;
    %load/vec4 v0x55a5fcae2f00_0;
    %cmpi/e 59, 0, 6;
    %jmp/0xz  T_2.4, 4;
    %pushi/vec4 0, 0, 6;
    %assign/vec4 v0x55a5fcae2f00_0, 0;
    %jmp T_2.5;
T_2.4 ;
    %load/vec4 v0x55a5fcae2f00_0;
    %addi 1, 0, 6;
    %assign/vec4 v0x55a5fcae2f00_0, 0;
T_2.5 ;
T_2.2 ;
T_2.1 ;
    %jmp T_2;
    .thread T_2;
    .scope S_0x55a5fcacd210;
T_3 ;
    %pushi/vec4 0, 0, 1;
    %assign/vec4 v0x55a5fcae2ff0_0, 0;
    %pushi/vec4 0, 0, 1;
    %assign/vec4 v0x55a5fcae2b70_0, 0;
    %pushi/vec4 0, 0, 1;
    %assign/vec4 v0x55a5fcae2d30_0, 0;
    %delay 100000, 0;
    %pushi/vec4 1, 0, 1;
    %assign/vec4 v0x55a5fcae2ff0_0, 0;
    %delay 10000, 0;
    %pushi/vec4 0, 0, 1;
    %assign/vec4 v0x55a5fcae2ff0_0, 0;
    %pushi/vec4 1, 0, 1;
    %assign/vec4 v0x55a5fcae2d30_0, 0;
    %pushi/vec4 100, 0, 30;
    %assign/vec4 v0x55a5fcae2c60_0, 0;
    %delay 10000, 0;
    %delay 100000000, 0;
    %pushi/vec4 0, 0, 1;
    %assign/vec4 v0x55a5fcae2d30_0, 0;
    %vpi_call 2 66 "$finish" {0 0 0};
    %end;
    .thread T_3;
    .scope S_0x55a5fcacd210;
T_4 ;
    %vpi_call 2 73 "$dumpfile", "one_sec_gen.vcd" {0 0 0};
    %vpi_call 2 74 "$dumpvars", 32'sb00000000000000000000000000000000, S_0x55a5fcacd210 {0 0 0};
    %end;
    .thread T_4;
# The file index is used to find the file name in the following table.
:file_names 4;
    "N/A";
    "<interactive>";
    "tb_one_sec_gen.v";
    "one_sec_gen.v";
